<?xml version="1.0" encoding="UTF-8"?>
<!-- Generated by org.testng.reporters.JUnitXMLReporter -->
<testsuite ignored="0" hostname="PRATIKSHA-07" failures="0" tests="2" name="Test" time="66.658" errors="0" timestamp="2024-01-17T22:35:10 IST">
  <testcase classname="coverFox_TestNG_Text.CF_TC01_Validate_Search_Research_for_healthcare_policies" name="validateTestPlansFromTextAndBanners" time="18.332"/>
  <testcase classname="coverFox_TestNG_Text.CF_TC02_Validate_Error_message" name="validate_error_message" time="2.067"/>
</testsuite> <!-- Test -->
